<?xml version="1.0" encoding="UTF-8"?>
<testng-results ignored="4" total="9" passed="4" failed="1" skipped="0">
  <reporter-output>
  </reporter-output>
  <suite started-at="2025-07-29T15:51:38 IST" name="Suite" finished-at="2025-07-29T15:52:42 IST" duration-ms="64030">
    <groups>
      <group name="Regression">
        <method signature="AdsLedCreateCampaignTest.loginTest()[pri:0, instance:adstestcases.AdsLedCreateCampaignTest@58a9760d]" name="loginTest" class="adstestcases.AdsLedCreateCampaignTest"/>
        <method signature="AdsLedCreateCampaignTest.Appselection()[pri:1, instance:adstestcases.AdsLedCreateCampaignTest@58a9760d]" name="Appselection" class="adstestcases.AdsLedCreateCampaignTest"/>
        <method signature="AdsLedCreateCampaignTest.NavigationToLedCampaign()[pri:2, instance:adstestcases.AdsLedCreateCampaignTest@58a9760d]" name="NavigationToLedCampaign" class="adstestcases.AdsLedCreateCampaignTest"/>
        <method signature="AdsLedCreateCampaignTest.CreatewithInvalid()[pri:7, instance:adstestcases.AdsLedCreateCampaignTest@58a9760d]" name="CreatewithInvalid" class="adstestcases.AdsLedCreateCampaignTest"/>
        <method signature="AdsLedCreateCampaignTest.logSummary()[pri:8, instance:adstestcases.AdsLedCreateCampaignTest@58a9760d]" name="logSummary" class="adstestcases.AdsLedCreateCampaignTest"/>
      </group> <!-- Regression -->
      <group name="smoke">
        <method signature="AdsLedCreateCampaignTest.loginTest()[pri:0, instance:adstestcases.AdsLedCreateCampaignTest@58a9760d]" name="loginTest" class="adstestcases.AdsLedCreateCampaignTest"/>
        <method signature="AdsLedCreateCampaignTest.Appselection()[pri:1, instance:adstestcases.AdsLedCreateCampaignTest@58a9760d]" name="Appselection" class="adstestcases.AdsLedCreateCampaignTest"/>
        <method signature="AdsLedCreateCampaignTest.NavigationToLedCampaign()[pri:2, instance:adstestcases.AdsLedCreateCampaignTest@58a9760d]" name="NavigationToLedCampaign" class="adstestcases.AdsLedCreateCampaignTest"/>
        <method signature="AdsLedCreateCampaignTest.logSummary()[pri:8, instance:adstestcases.AdsLedCreateCampaignTest@58a9760d]" name="logSummary" class="adstestcases.AdsLedCreateCampaignTest"/>
      </group> <!-- smoke -->
    </groups>
    <test started-at="2025-07-29T15:51:38 IST" name="Test" finished-at="2025-07-29T15:52:42 IST" duration-ms="64030">
      <class name="adstestcases.AdsLedCreateCampaignTest">
        <test-method is-config="true" signature="setup(java.lang.String,java.lang.String)[pri:0, instance:adstestcases.AdsLedCreateCampaignTest@58a9760d]" started-at="2025-07-29T15:51:39 IST" name="setup" finished-at="2025-07-29T15:52:05 IST" duration-ms="26604" status="PASS">
          <params>
            <param index="0">
              <value>
                <![CDATA[chrome]]>
              </value>
            </param>
            <param index="1">
              <value>
                <![CDATA[dev]]>
              </value>
            </param>
          </params>
          <reporter-output>
          </reporter-output>
        </test-method> <!-- setup -->
        <test-method is-config="true" signature="setupSummary()[pri:0, instance:adstestcases.AdsLedCreateCampaignTest@58a9760d]" started-at="2025-07-29T15:52:05 IST" name="setupSummary" finished-at="2025-07-29T15:52:05 IST" duration-ms="3" status="PASS">
          <reporter-output>
          </reporter-output>
        </test-method> <!-- setupSummary -->
        <test-method signature="loginTest()[pri:0, instance:adstestcases.AdsLedCreateCampaignTest@58a9760d]" started-at="2025-07-29T15:52:05 IST" name="loginTest" finished-at="2025-07-29T15:52:39 IST" duration-ms="33712" status="PASS">
          <reporter-output>
          </reporter-output>
        </test-method> <!-- loginTest -->
        <test-method signature="Appselection()[pri:1, instance:adstestcases.AdsLedCreateCampaignTest@58a9760d]" started-at="2025-07-29T15:52:39 IST" name="Appselection" finished-at="2025-07-29T15:52:41 IST" depends-on-methods="adstestcases.AdsLedCreateCampaignTest.loginTest" duration-ms="1667" status="PASS">
          <reporter-output>
          </reporter-output>
        </test-method> <!-- Appselection -->
        <test-method signature="NavigationToLedCampaign()[pri:2, instance:adstestcases.AdsLedCreateCampaignTest@58a9760d]" started-at="2025-07-29T15:52:41 IST" name="NavigationToLedCampaign" finished-at="2025-07-29T15:52:42 IST" depends-on-methods="adstestcases.AdsLedCreateCampaignTest.Appselection" duration-ms="981" status="PASS">
          <reporter-output>
          </reporter-output>
        </test-method> <!-- NavigationToLedCampaign -->
        <test-method signature="CreatewithInvalid()[pri:7, instance:adstestcases.AdsLedCreateCampaignTest@58a9760d]" started-at="2025-07-29T15:52:42 IST" name="CreatewithInvalid" finished-at="2025-07-29T15:52:42 IST" depends-on-methods="adstestcases.AdsLedCreateCampaignTest.NavigationToLedCampaign" duration-ms="166" status="FAIL">
          <exception class="java.lang.AssertionError">
            <message>
              <![CDATA[Can't open workbook - unsupported file type: UNKNOWN]]>
            </message>
            <full-stacktrace>
              <![CDATA[java.lang.AssertionError: Can't open workbook - unsupported file type: UNKNOWN
at org.testng.Assert.fail(Assert.java:111)
at adstestcases.AdsLedCreateCampaignTest.CreatewithInvalid(AdsLedCreateCampaignTest.java:504)
at java.base/jdk.internal.reflect.DirectMethodHandleAccessor.invoke(DirectMethodHandleAccessor.java:103)
at java.base/java.lang.reflect.Method.invoke(Method.java:580)
at org.testng.internal.invokers.MethodInvocationHelper.invokeMethod(MethodInvocationHelper.java:141)
at org.testng.internal.invokers.TestInvoker.invokeMethod(TestInvoker.java:687)
at org.testng.internal.invokers.TestInvoker.invokeTestMethod(TestInvoker.java:230)
at org.testng.internal.invokers.MethodRunner.runInSequence(MethodRunner.java:63)
at org.testng.internal.invokers.TestInvoker$MethodInvocationAgent.invoke(TestInvoker.java:995)
at org.testng.internal.invokers.TestInvoker.invokeTestMethods(TestInvoker.java:203)
at org.testng.internal.invokers.TestMethodWorker.invokeTestMethods(TestMethodWorker.java:154)
at org.testng.internal.invokers.TestMethodWorker.run(TestMethodWorker.java:134)
at java.base/java.util.ArrayList.forEach(ArrayList.java:1596)
at org.testng.TestRunner.privateRun(TestRunner.java:741)
at org.testng.TestRunner.run(TestRunner.java:616)
at org.testng.SuiteRunner.runTest(SuiteRunner.java:421)
at org.testng.SuiteRunner.runSequentially(SuiteRunner.java:413)
at org.testng.SuiteRunner.privateRun(SuiteRunner.java:373)
at org.testng.SuiteRunner.run(SuiteRunner.java:312)
at org.testng.SuiteRunnerWorker.runSuite(SuiteRunnerWorker.java:52)
at org.testng.SuiteRunnerWorker.run(SuiteRunnerWorker.java:95)
at org.testng.TestNG.runSuitesSequentially(TestNG.java:1274)
at org.testng.TestNG.runSuitesLocally(TestNG.java:1208)
at org.testng.TestNG.runSuites(TestNG.java:1112)
at org.testng.TestNG.run(TestNG.java:1079)
at org.testng.remote.AbstractRemoteTestNG.run(AbstractRemoteTestNG.java:115)
at org.testng.remote.RemoteTestNG.initAndRun(RemoteTestNG.java:293)
at org.testng.remote.RemoteTestNG.main(RemoteTestNG.java:91)
]]>
            </full-stacktrace>
          </exception> <!-- java.lang.AssertionError -->
          <reporter-output>
          </reporter-output>
        </test-method> <!-- CreatewithInvalid -->
        <test-method signature="logSummary()[pri:8, instance:adstestcases.AdsLedCreateCampaignTest@58a9760d]" started-at="2025-07-29T15:52:42 IST" name="logSummary" finished-at="2025-07-29T15:52:42 IST" duration-ms="4" status="PASS">
          <reporter-output>
          </reporter-output>
        </test-method> <!-- logSummary -->
        <test-method is-config="true" signature="teardown()[pri:0, instance:adstestcases.AdsLedCreateCampaignTest@58a9760d]" started-at="2025-07-29T15:52:42 IST" name="teardown" finished-at="2025-07-29T15:52:42 IST" duration-ms="314" status="PASS">
          <reporter-output>
          </reporter-output>
        </test-method> <!-- teardown -->
      </class> <!-- adstestcases.AdsLedCreateCampaignTest -->
    </test> <!-- Test -->
  </suite> <!-- Suite -->
</testng-results>
